2023-09-04 15:58:02,438 - INFO - autoreload - autoreload.py - Watching for file changes with StatReloader
2023-09-04 15:58:14,713 - INFO - autoreload - autoreload.py - Watching for file changes with StatReloader
2023-09-04 15:58:22,209 - INFO - autoreload - autoreload.py - Watching for file changes with StatReloader
2023-09-04 15:59:51,085 - INFO - autoreload - autoreload.py - Watching for file changes with StatReloader
2023-09-04 16:00:12,975 - INFO - basehttp - basehttp.py - "GET / HTTP/1.1" 200 767
2023-09-04 16:14:12,190 - INFO - autoreload - autoreload.py - Watching for file changes with StatReloader
2023-09-04 16:14:25,818 - INFO - autoreload - autoreload.py - Watching for file changes with StatReloader
2023-09-04 16:15:04,011 - INFO - autoreload - autoreload.py - Watching for file changes with StatReloader
2023-09-06 15:27:05,353 - INFO - autoreload - autoreload.py - Watching for file changes with StatReloader
2023-09-06 15:28:50,893 - INFO - autoreload - autoreload.py - Watching for file changes with StatReloader
2023-09-06 15:29:11,067 - INFO - autoreload - autoreload.py - Watching for file changes with StatReloader
2023-09-06 15:29:33,187 - INFO - autoreload - autoreload.py - Watching for file changes with StatReloader
2023-09-06 15:54:07,574 - INFO - autoreload - autoreload.py - Watching for file changes with StatReloader
2023-09-06 15:54:30,448 - INFO - autoreload - autoreload.py - Watching for file changes with StatReloader
2023-09-06 15:55:21,464 - INFO - autoreload - autoreload.py - Watching for file changes with StatReloader
2023-09-06 15:56:40,664 - INFO - autoreload - autoreload.py - Watching for file changes with StatReloader
2023-09-06 16:03:34,314 - INFO - autoreload - autoreload.py - Watching for file changes with StatReloader
2023-09-06 16:04:08,880 - INFO - autoreload - autoreload.py - Watching for file changes with StatReloader
2023-09-06 16:33:37,351 - INFO - basehttp - basehttp.py - "GET / HTTP/1.1" 200 10108
2023-09-06 16:33:37,521 - INFO - basehttp - basehttp.py - "GET /static/debug_toolbar/css/print.css HTTP/1.1" 200 43
2023-09-06 16:33:37,521 - INFO - basehttp - basehttp.py - "GET /static/debug_toolbar/js/toolbar.js HTTP/1.1" 200 13404
2023-09-06 16:33:37,522 - INFO - basehttp - basehttp.py - "GET /static/debug_toolbar/css/toolbar.css HTTP/1.1" 200 12621
2023-09-06 16:33:37,523 - INFO - basehttp - basehttp.py - "GET /static/Homework2app/css/styles.css HTTP/1.1" 304 0
2023-09-06 16:33:37,526 - INFO - basehttp - basehttp.py - "GET /static/debug_toolbar/js/utils.js HTTP/1.1" 200 4527
2023-09-06 16:33:37,666 - INFO - autoreload - autoreload.py - /Users/imacson/Desktop/python_project/HomeworkDjangoPython/Homework/Homework/settings.py changed, reloading.
2023-09-06 16:33:38,244 - INFO - autoreload - autoreload.py - Watching for file changes with StatReloader
2023-09-06 16:38:11,367 - INFO - autoreload - autoreload.py - /Users/imacson/Desktop/python_project/HomeworkDjangoPython/Homework/Homework/settings.py changed, reloading.
2023-09-06 16:38:11,756 - INFO - autoreload - autoreload.py - Watching for file changes with StatReloader
2023-09-06 16:38:17,993 - INFO - autoreload - autoreload.py - /Users/imacson/Desktop/python_project/HomeworkDjangoPython/Homework/Homework/settings.py changed, reloading.
2023-09-06 16:38:18,330 - INFO - autoreload - autoreload.py - Watching for file changes with StatReloader
2023-09-06 16:40:07,674 - INFO - autoreload - autoreload.py - /Users/imacson/Desktop/python_project/HomeworkDjangoPython/Homework/Homework/settings.py changed, reloading.
2023-09-06 16:40:08,034 - INFO - autoreload - autoreload.py - Watching for file changes with StatReloader
2023-09-06 16:42:21,668 - INFO - autoreload - autoreload.py - /Users/imacson/Desktop/python_project/HomeworkDjangoPython/Homework/Homework/settings.py changed, reloading.
2023-09-06 16:42:22,009 - INFO - autoreload - autoreload.py - Watching for file changes with StatReloader
2023-09-06 16:43:05,690 - INFO - autoreload - autoreload.py - /Users/imacson/Desktop/python_project/HomeworkDjangoPython/Homework/Homework/settings.py changed, reloading.
2023-09-06 16:43:06,037 - INFO - autoreload - autoreload.py - Watching for file changes with StatReloader
2023-09-06 17:04:51,119 - INFO - autoreload - autoreload.py - /Users/imacson/Desktop/python_project/HomeworkDjangoPython/Homework/Homework/settings.py changed, reloading.
2023-09-06 17:04:51,468 - INFO - autoreload - autoreload.py - Watching for file changes with StatReloader
2023-09-06 18:57:13,290 - INFO - autoreload - autoreload.py - Watching for file changes with StatReloader
