2023-08-20 19:01:02,652 - INFO - autoreload - autoreload.py - Watching for file changes with StatReloader
2023-08-20 19:01:41,618 - INFO - autoreload - autoreload.py - Watching for file changes with StatReloader
2023-08-20 19:04:14,281 - INFO - autoreload - autoreload.py - Watching for file changes with StatReloader
2023-08-20 19:04:52,577 - INFO - autoreload - autoreload.py - Watching for file changes with StatReloader
2023-08-20 19:05:24,924 - INFO - autoreload - autoreload.py - /Users/imacson/Desktop/python_project/HomeworkDjangoPython/Homework/Homework/settings.py changed, reloading.
2023-08-20 19:05:25,175 - INFO - autoreload - autoreload.py - Watching for file changes with StatReloader
2023-08-20 19:06:08,234 - INFO - autoreload - autoreload.py - Watching for file changes with StatReloader
2023-08-20 19:06:38,908 - INFO - autoreload - autoreload.py - Watching for file changes with StatReloader
2023-08-20 19:09:51,289 - INFO - autoreload - autoreload.py - Watching for file changes with StatReloader
2023-08-20 19:12:11,658 - INFO - autoreload - autoreload.py - Watching for file changes with StatReloader
2023-08-20 19:12:56,908 - INFO - autoreload - autoreload.py - Watching for file changes with StatReloader
2023-08-20 19:13:12,138 - INFO - autoreload - autoreload.py - /Users/imacson/Desktop/python_project/HomeworkDjangoPython/Homework/Homework/settings.py changed, reloading.
2023-08-20 19:13:12,432 - INFO - autoreload - autoreload.py - Watching for file changes with StatReloader
2023-08-20 19:13:48,937 - INFO - autoreload - autoreload.py - Watching for file changes with StatReloader
2023-08-20 19:16:10,583 - INFO - autoreload - autoreload.py - Watching for file changes with StatReloader
2023-08-20 19:16:14,142 - INFO - basehttp - basehttp.py - "GET / HTTP/1.1" 200 371
2023-08-20 19:16:16,893 - INFO - basehttp - basehttp.py - "GET /about_me HTTP/1.1" 200 361
2023-08-20 19:16:17,591 - INFO - basehttp - basehttp.py - "GET /home HTTP/1.1" 200 371
2023-08-20 19:16:18,091 - INFO - basehttp - basehttp.py - "GET /about_me HTTP/1.1" 200 361
2023-08-20 19:16:18,391 - INFO - basehttp - basehttp.py - "GET /home HTTP/1.1" 200 371
2023-08-20 19:16:18,624 - INFO - basehttp - basehttp.py - "GET /about_me HTTP/1.1" 200 361
2023-08-20 19:16:18,858 - INFO - basehttp - basehttp.py - "GET /home HTTP/1.1" 200 371
2023-08-20 19:16:19,057 - INFO - basehttp - basehttp.py - "GET /about_me HTTP/1.1" 200 361
2023-08-20 19:16:19,241 - INFO - basehttp - basehttp.py - "GET /home HTTP/1.1" 200 371
2023-08-20 19:16:19,442 - INFO - basehttp - basehttp.py - "GET /about_me HTTP/1.1" 200 361
2023-08-20 19:16:19,658 - INFO - basehttp - basehttp.py - "GET /home HTTP/1.1" 200 371
2023-08-20 19:16:19,841 - INFO - basehttp - basehttp.py - "GET /about_me HTTP/1.1" 200 361
2023-08-20 19:16:20,041 - INFO - basehttp - basehttp.py - "GET /home HTTP/1.1" 200 371
2023-08-20 19:16:20,242 - INFO - basehttp - basehttp.py - "GET /about_me HTTP/1.1" 200 361
2023-08-20 19:16:20,425 - INFO - basehttp - basehttp.py - "GET /home HTTP/1.1" 200 371
2023-08-20 19:16:20,625 - INFO - basehttp - basehttp.py - "GET /about_me HTTP/1.1" 200 361
2023-08-20 19:16:20,791 - INFO - basehttp - basehttp.py - "GET /home HTTP/1.1" 200 371
2023-08-20 19:16:20,975 - INFO - basehttp - basehttp.py - "GET /about_me HTTP/1.1" 200 361
